=== COMPREHENSIVE EDA TOOL VALIDATION REPORT ===
Date: Thu Sep 25 23:12:38 UTC 2025

=== SUCCESSFUL FILES (No Errors) ===
✅ counter.v - PASSES Icarus Verilog strict validation
✅ decoder.v - PASSES Icarus Verilog strict validation
✅ display-3bits-counter.v - PASSES Icarus Verilog strict validation
✅ display-3bits.v - PASSES Icarus Verilog strict validation
✅ display-4bits.v - PASSES Icarus Verilog strict validation
✅ ic-FIXED.v - PASSES Icarus Verilog strict validation
✅ ic.v - PASSES Icarus Verilog strict validation
✅ input.v - PASSES Icarus Verilog strict validation
✅ notes.v - PASSES Icarus Verilog strict validation
✅ register.v - PASSES Icarus Verilog strict validation
✅ serialize.v - PASSES Icarus Verilog strict validation

=== FAILED FILES (With Errors) ===
❌ dflipflop-masterslave-FIXED.v - Icarus Verilog errors:
test/verilog/dflipflop-masterslave-FIXED.v:31: syntax error
I give up.

❌ dflipflop-masterslave.v - Icarus Verilog errors:
test/verilog/dflipflop-masterslave.v:47: syntax error
I give up.

❌ display-3bits-counter-FIXED.v - Icarus Verilog errors:
test/verilog/display-3bits-counter-FIXED.v:51: syntax error
test/verilog/display-3bits-counter-FIXED.v:51: error: malformed statement
test/verilog/display-3bits-counter-FIXED.v:52: syntax error

❌ sequential.v - Icarus Verilog errors:
test/verilog/sequential.v:46: syntax error
test/verilog/sequential.v:46: Syntax in assignment statement l-value.
test/verilog/sequential.v:47: syntax error


=== EMPTY FILES (Circular Dependency Issues) ===
⭕ dflipflop.v - Empty file (circular dependency detected)
⭕ dflipflop2.v - Empty file (circular dependency detected)
⭕ display-4bits-counter.v - Empty file (circular dependency detected)
⭕ dlatch.v - Empty file (circular dependency detected)
⭕ jkflipflop.v - Empty file (circular dependency detected)
⭕ tflipflop.v - Empty file (circular dependency detected)

